<?xml version="1.0" encoding="UTF-8"?>
<!-- Generated by org.testng.reporters.JUnitReportReporter -->
<testsuite skipped="0" hostname="EVT02094NB" name="seleniumTest.SeleniumTest" tests="3" failures="0" timestamp="09 Kas 2021 11:47:59 GMT" time="3.450" errors="0">
  <testcase name="testFindOwner" time="0.302" classname="seleniumTest.SeleniumTest"/>
  <testcase name="testConnection" time="2.666" classname="seleniumTest.SeleniumTest"/>
  <testcase name="testFindVeterinarians" time="0.482" classname="seleniumTest.SeleniumTest"/>
</testsuite> <!-- seleniumTest.SeleniumTest -->
