<?xml version="1.0" encoding="UTF-8"?>
<!-- Generated by org.testng.reporters.JUnitReportReporter -->
<testsuite skipped="0" hostname="EVT02094NB" name="cucumberTest.MainTestRunnerTest" tests="1" failures="0" timestamp="10 Kas 2021 12:11:06 GMT" time="22.544" errors="0">
  <testcase name="runScenario" time="22.544" classname="cucumberTest.MainTestRunnerTest"/>
</testsuite> <!-- cucumberTest.MainTestRunnerTest -->
